2020-12-25 19:42:46,186:INFO:PyCaret Supervised Module
2020-12-25 19:42:46,186:INFO:ML Usecase: classification
2020-12-25 19:42:46,186:INFO:version 2.2.3
2020-12-25 19:42:46,186:INFO:Initializing setup()
2020-12-25 19:42:46,186:INFO:setup(target=quality, ml_usecase=classification, available_plots={'parameter': 'Hyperparameters', 'auc': 'AUC', 'confusion_matrix': 'Confusion Matrix', 'threshold': 'Threshold', 'pr': 'Precision Recall', 'error': 'Prediction Error', 'class_report': 'Class Report', 'rfe': 'Feature Selection', 'learning': 'Learning Curve', 'manifold': 'Manifold Learning', 'calibration': 'Calibration Curve', 'vc': 'Validation Curve', 'dimension': 'Dimensions', 'feature': 'Feature Importance', 'feature_all': 'Feature Importance (All)', 'boundary': 'Decision Boundary', 'lift': 'Lift Chart', 'gain': 'Gain Chart', 'tree': 'Decision Tree'}, train_size=0.7, test_data=None, preprocess=True, imputation_type=simple, iterative_imputation_iters=5, categorical_features=None, categorical_imputation=constant, categorical_iterative_imputer=lightgbm, ordinal_features=None, high_cardinality_features=None, high_cardinality_method=frequency, numeric_features=None, numeric_imputation=mean, numeric_iterative_imputer=lightgbm, date_features=None, ignore_features=None, normalize=False, normalize_method=zscore, transformation=False, transformation_method=yeo-johnson, handle_unknown_categorical=True, unknown_categorical_method=least_frequent, pca=False, pca_method=linear, pca_components=None, ignore_low_variance=False, combine_rare_levels=False, rare_level_threshold=0.1, bin_numeric_features=None, remove_outliers=False, outliers_threshold=0.05, remove_multicollinearity=False, multicollinearity_threshold=0.9, remove_perfect_collinearity=True, create_clusters=False, cluster_iter=20, polynomial_features=False, polynomial_degree=2, trigonometry_features=False, polynomial_threshold=0.1, group_features=None, group_names=None, feature_selection=False, feature_selection_threshold=0.8, feature_selection_method=classic, feature_interaction=False, feature_ratio=False, interaction_threshold=0.01, fix_imbalance=False, fix_imbalance_method=None, transform_target=False, transform_target_method=box-cox, data_split_shuffle=True, data_split_stratify=False, fold_strategy=stratifiedkfold, fold=10, fold_shuffle=False, fold_groups=None, n_jobs=-1, use_gpu=False, custom_pipeline=None, html=True, session_id=123, log_experiment=False, experiment_name=None, log_plots=False, log_profile=False, log_data=False, silent=False, verbose=True, profile=False, profile_kwargs=None, display=None)
2020-12-25 19:42:46,187:INFO:Checking environment
2020-12-25 19:42:46,187:INFO:python_version: 3.7.6
2020-12-25 19:42:46,187:INFO:python_build: ('default', 'Jan  8 2020 13:42:34')
2020-12-25 19:42:46,187:INFO:machine: x86_64
2020-12-25 19:42:46,199:INFO:platform: Darwin-20.2.0-x86_64-i386-64bit
2020-12-25 19:42:46,199:INFO:Memory: svmem(total=17179869184, available=8138735616, percent=52.6, used=9037103104, free=949153792, active=6615597056, inactive=7048400896, wired=2421506048)
2020-12-25 19:42:46,199:INFO:Physical Core: 4
2020-12-25 19:42:46,199:INFO:Logical Core: 8
2020-12-25 19:42:46,199:INFO:Checking libraries
2020-12-25 19:42:46,200:INFO:pd==1.0.1
2020-12-25 19:42:46,200:INFO:numpy==1.19.4
2020-12-25 19:42:46,200:INFO:sklearn==0.23.2
2020-12-25 19:42:47,485:INFO:xgboost==1.2.1
2020-12-25 19:42:47,485:INFO:lightgbm==3.1.1
2020-12-25 19:42:47,830:INFO:catboost==0.24.3
2020-12-25 19:42:49,249:INFO:mlflow==1.13
2020-12-25 19:42:49,249:INFO:Checking Exceptions
2020-12-25 19:42:49,250:INFO:Declaring global variables
2020-12-25 19:42:49,250:INFO:USI: 130d
2020-12-25 19:42:49,250:INFO:pycaret_globals: {'fold_groups_param', 'fold_param', 'create_model_container', 'exp_name_log', 'html_param', 'stratify_param', 'experiment__', 'log_plots_param', 'target_param', 'transform_target_method_param', 'master_model_container', 'X_test', 'X', 'n_jobs_param', 'fold_shuffle_param', '_ml_usecase', 'prep_pipe', 'pycaret_globals', 'fold_generator', 'logging_param', 'imputation_classifier', '_all_metrics', '_all_models_internal', 'data_before_preprocess', 'display_container', 'y_train', 'USI', 'transform_target_param', '_internal_pipeline', 'imputation_regressor', 'X_train', 'fix_imbalance_method_param', '_available_plots', 'y_test', 'y', 'fix_imbalance_param', 'seed', 'iterative_imputation_iters_param', 'gpu_param', '_all_models', '_gpu_n_jobs_param'}
2020-12-25 19:42:49,250:INFO:Preparing display monitor
2020-12-25 19:42:49,250:INFO:Preparing display monitor
2020-12-25 19:42:49,267:INFO:Importing libraries
2020-12-25 19:42:49,267:INFO:Copying data for preprocessing
2020-12-25 19:42:49,275:INFO:Declaring preprocessing parameters
2020-12-25 19:42:49,279:INFO:Creating preprocessing pipeline
2020-12-25 19:42:49,292:INFO:Preprocessing pipeline created successfully
2020-12-25 19:42:49,292:ERROR:(Process Exit): setup has been interupted with user command 'quit'. setup must rerun.
2020-12-25 19:42:49,292:INFO:Creating global containers
2020-12-25 19:42:49,294:INFO:Internal pipeline: Pipeline(memory=None, steps=[('empty_step', 'passthrough')], verbose=False)
2020-12-25 19:43:10,338:INFO:Creating grid variables
2020-12-25 19:43:10,373:INFO:create_model_container: 0
2020-12-25 19:43:10,373:INFO:master_model_container: 0
2020-12-25 19:43:10,373:INFO:display_container: 1
2020-12-25 19:43:10,377:INFO:Pipeline(memory=None,
         steps=[('dtypes',
                 DataTypes_Auto_infer(categorical_features=[],
                                      display_types=True, features_todrop=[],
                                      id_columns=[],
                                      ml_usecase='classification',
                                      numerical_features=[], target='quality',
                                      time_features=[])),
                ('imputer',
                 Simple_Imputer(categorical_strategy='not_available',
                                fill_value_categorical=None,
                                fill_value_numerical=None,
                                numeric_stra...
                ('scaling', 'passthrough'), ('P_transform', 'passthrough'),
                ('binn', 'passthrough'), ('rem_outliers', 'passthrough'),
                ('cluster_all', 'passthrough'),
                ('dummy', Dummify(target='quality')),
                ('fix_perfect', Remove_100(target='quality')),
                ('clean_names', Clean_Colum_Names()),
                ('feature_select', 'passthrough'), ('fix_multi', 'passthrough'),
                ('dfs', 'passthrough'), ('pca', 'passthrough')],
         verbose=False)
2020-12-25 19:43:10,377:INFO:setup() succesfully completed......................................
2020-12-25 19:45:44,069:INFO:Initializing compare_models()
2020-12-25 19:45:44,069:INFO:compare_models(include=None, fold=None, round=4, cross_validation=True, sort=Accuracy, n_select=1, budget_time=None, turbo=True, errors=ignore, fit_kwargs=None, groups=None, verbose=True, display=None, exclude=None)
2020-12-25 19:45:44,069:INFO:Checking exceptions
2020-12-25 19:45:44,071:INFO:Preparing display monitor
2020-12-25 19:45:44,071:INFO:Preparing display monitor
2020-12-25 19:45:44,114:INFO:Initializing Logistic Regression
2020-12-25 19:45:44,115:INFO:Total runtime is 6.882349650065104e-06 minutes
2020-12-25 19:45:44,126:INFO:SubProcess create_model() called ==================================
2020-12-25 19:45:44,127:INFO:Initializing create_model()
2020-12-25 19:45:44,127:INFO:create_model(estimator=lr, fold=StratifiedKFold(n_splits=10, random_state=123, shuffle=False), round=4, cross_validation=True, predict=True, fit_kwargs={}, groups=None, refit=False, verbose=False, system=False, metrics=None, display=<pycaret.internal.Display.Display object at 0x7fe900ec8a50>, kwargs={})
2020-12-25 19:45:44,127:INFO:Checking exceptions
2020-12-25 19:45:44,127:INFO:Importing libraries
2020-12-25 19:45:44,128:INFO:Copying training dataset
2020-12-25 19:45:44,129:INFO:Defining folds
2020-12-25 19:45:44,129:INFO:Declaring metric variables
2020-12-25 19:45:44,136:INFO:Importing untrained model
2020-12-25 19:45:44,147:INFO:Logistic Regression Imported succesfully
2020-12-25 19:45:44,166:INFO:Starting cross validation
2020-12-25 19:45:44,167:INFO:Cross validating with StratifiedKFold(n_splits=10, random_state=123, shuffle=False), n_jobs=-1
2020-12-25 19:45:49,540:INFO:Calculating mean and std
2020-12-25 19:45:49,543:INFO:Creating metrics dataframe
2020-12-25 19:45:49,549:INFO:Uploading results into container
2020-12-25 19:45:49,549:INFO:Uploading model into container now
2020-12-25 19:45:49,549:INFO:create_model_container: 1
2020-12-25 19:45:49,549:INFO:master_model_container: 1
2020-12-25 19:45:49,550:INFO:display_container: 2
2020-12-25 19:45:49,550:INFO:LogisticRegression(C=1.0, class_weight=None, dual=False, fit_intercept=True,
                   intercept_scaling=1, l1_ratio=None, max_iter=1000,
                   multi_class='auto', n_jobs=None, penalty='l2',
                   random_state=123, solver='lbfgs', tol=0.0001, verbose=0,
                   warm_start=False)
2020-12-25 19:45:49,550:INFO:create_model() succesfully completed......................................
2020-12-25 19:45:49,728:INFO:SubProcess create_model() end ==================================
2020-12-25 19:45:49,729:INFO:Creating metrics dataframe
2020-12-25 19:45:49,744:INFO:Initializing K Neighbors Classifier
2020-12-25 19:45:49,744:INFO:Total runtime is 0.09382701714833577 minutes
2020-12-25 19:45:49,757:INFO:SubProcess create_model() called ==================================
2020-12-25 19:45:49,757:INFO:Initializing create_model()
2020-12-25 19:45:49,757:INFO:create_model(estimator=knn, fold=StratifiedKFold(n_splits=10, random_state=123, shuffle=False), round=4, cross_validation=True, predict=True, fit_kwargs={}, groups=None, refit=False, verbose=False, system=False, metrics=None, display=<pycaret.internal.Display.Display object at 0x7fe900ec8a50>, kwargs={})
2020-12-25 19:45:49,757:INFO:Checking exceptions
2020-12-25 19:45:49,758:INFO:Importing libraries
2020-12-25 19:45:49,758:INFO:Copying training dataset
2020-12-25 19:45:49,759:INFO:Defining folds
2020-12-25 19:45:49,759:INFO:Declaring metric variables
2020-12-25 19:45:49,772:INFO:Importing untrained model
2020-12-25 19:45:49,781:INFO:K Neighbors Classifier Imported succesfully
2020-12-25 19:45:49,800:INFO:Starting cross validation
2020-12-25 19:45:49,800:INFO:Cross validating with StratifiedKFold(n_splits=10, random_state=123, shuffle=False), n_jobs=-1
2020-12-25 19:45:50,291:INFO:Calculating mean and std
2020-12-25 19:45:50,293:INFO:Creating metrics dataframe
2020-12-25 19:45:50,300:INFO:Uploading results into container
2020-12-25 19:45:50,300:INFO:Uploading model into container now
2020-12-25 19:45:50,300:INFO:create_model_container: 2
2020-12-25 19:45:50,301:INFO:master_model_container: 2
2020-12-25 19:45:50,301:INFO:display_container: 2
2020-12-25 19:45:50,301:INFO:KNeighborsClassifier(algorithm='auto', leaf_size=30, metric='minkowski',
                     metric_params=None, n_jobs=-1, n_neighbors=5, p=2,
                     weights='uniform')
2020-12-25 19:45:50,301:INFO:create_model() succesfully completed......................................
2020-12-25 19:45:50,458:INFO:SubProcess create_model() end ==================================
2020-12-25 19:45:50,458:INFO:Creating metrics dataframe
2020-12-25 19:45:50,473:INFO:Initializing Naive Bayes
2020-12-25 19:45:50,473:INFO:Total runtime is 0.1059837818145752 minutes
2020-12-25 19:45:50,482:INFO:SubProcess create_model() called ==================================
2020-12-25 19:45:50,483:INFO:Initializing create_model()
2020-12-25 19:45:50,483:INFO:create_model(estimator=nb, fold=StratifiedKFold(n_splits=10, random_state=123, shuffle=False), round=4, cross_validation=True, predict=True, fit_kwargs={}, groups=None, refit=False, verbose=False, system=False, metrics=None, display=<pycaret.internal.Display.Display object at 0x7fe900ec8a50>, kwargs={})
2020-12-25 19:45:50,483:INFO:Checking exceptions
2020-12-25 19:45:50,483:INFO:Importing libraries
2020-12-25 19:45:50,483:INFO:Copying training dataset
2020-12-25 19:45:50,484:INFO:Defining folds
2020-12-25 19:45:50,485:INFO:Declaring metric variables
2020-12-25 19:45:50,491:INFO:Importing untrained model
2020-12-25 19:45:50,499:INFO:Naive Bayes Imported succesfully
2020-12-25 19:45:50,514:INFO:Starting cross validation
2020-12-25 19:45:50,515:INFO:Cross validating with StratifiedKFold(n_splits=10, random_state=123, shuffle=False), n_jobs=-1
2020-12-25 19:45:50,580:INFO:Calculating mean and std
2020-12-25 19:45:50,581:INFO:Creating metrics dataframe
2020-12-25 19:45:50,585:INFO:Uploading results into container
2020-12-25 19:45:50,585:INFO:Uploading model into container now
2020-12-25 19:45:50,585:INFO:create_model_container: 3
2020-12-25 19:45:50,585:INFO:master_model_container: 3
2020-12-25 19:45:50,586:INFO:display_container: 2
2020-12-25 19:45:50,586:INFO:GaussianNB(priors=None, var_smoothing=1e-09)
2020-12-25 19:45:50,586:INFO:create_model() succesfully completed......................................
2020-12-25 19:45:50,743:INFO:SubProcess create_model() end ==================================
2020-12-25 19:45:50,744:INFO:Creating metrics dataframe
2020-12-25 19:45:50,764:INFO:Initializing Decision Tree Classifier
2020-12-25 19:45:50,765:INFO:Total runtime is 0.1108401656150818 minutes
2020-12-25 19:45:50,774:INFO:SubProcess create_model() called ==================================
2020-12-25 19:45:50,774:INFO:Initializing create_model()
2020-12-25 19:45:50,774:INFO:create_model(estimator=dt, fold=StratifiedKFold(n_splits=10, random_state=123, shuffle=False), round=4, cross_validation=True, predict=True, fit_kwargs={}, groups=None, refit=False, verbose=False, system=False, metrics=None, display=<pycaret.internal.Display.Display object at 0x7fe900ec8a50>, kwargs={})
2020-12-25 19:45:50,774:INFO:Checking exceptions
2020-12-25 19:45:50,774:INFO:Importing libraries
2020-12-25 19:45:50,775:INFO:Copying training dataset
2020-12-25 19:45:50,776:INFO:Defining folds
2020-12-25 19:45:50,776:INFO:Declaring metric variables
2020-12-25 19:45:50,785:INFO:Importing untrained model
2020-12-25 19:45:50,793:INFO:Decision Tree Classifier Imported succesfully
2020-12-25 19:45:50,812:INFO:Starting cross validation
2020-12-25 19:45:50,812:INFO:Cross validating with StratifiedKFold(n_splits=10, random_state=123, shuffle=False), n_jobs=-1
2020-12-25 19:45:50,903:INFO:Calculating mean and std
2020-12-25 19:45:50,905:INFO:Creating metrics dataframe
2020-12-25 19:45:50,910:INFO:Uploading results into container
2020-12-25 19:45:50,910:INFO:Uploading model into container now
2020-12-25 19:45:50,911:INFO:create_model_container: 4
2020-12-25 19:45:50,911:INFO:master_model_container: 4
2020-12-25 19:45:50,911:INFO:display_container: 2
2020-12-25 19:45:50,912:INFO:DecisionTreeClassifier(ccp_alpha=0.0, class_weight=None, criterion='gini',
                       max_depth=None, max_features=None, max_leaf_nodes=None,
                       min_impurity_decrease=0.0, min_impurity_split=None,
                       min_samples_leaf=1, min_samples_split=2,
                       min_weight_fraction_leaf=0.0, presort='deprecated',
                       random_state=123, splitter='best')
2020-12-25 19:45:50,912:INFO:create_model() succesfully completed......................................
2020-12-25 19:45:51,069:INFO:SubProcess create_model() end ==================================
2020-12-25 19:45:51,069:INFO:Creating metrics dataframe
2020-12-25 19:45:51,087:INFO:Initializing SVM - Linear Kernel
2020-12-25 19:45:51,088:INFO:Total runtime is 0.11621996561686199 minutes
2020-12-25 19:45:51,096:INFO:SubProcess create_model() called ==================================
2020-12-25 19:45:51,096:INFO:Initializing create_model()
2020-12-25 19:45:51,096:INFO:create_model(estimator=svm, fold=StratifiedKFold(n_splits=10, random_state=123, shuffle=False), round=4, cross_validation=True, predict=True, fit_kwargs={}, groups=None, refit=False, verbose=False, system=False, metrics=None, display=<pycaret.internal.Display.Display object at 0x7fe900ec8a50>, kwargs={})
2020-12-25 19:45:51,096:INFO:Checking exceptions
2020-12-25 19:45:51,096:INFO:Importing libraries
2020-12-25 19:45:51,096:INFO:Copying training dataset
2020-12-25 19:45:51,098:INFO:Defining folds
2020-12-25 19:45:51,098:INFO:Declaring metric variables
2020-12-25 19:45:51,105:INFO:Importing untrained model
2020-12-25 19:45:51,113:INFO:SVM - Linear Kernel Imported succesfully
2020-12-25 19:45:51,129:INFO:Starting cross validation
2020-12-25 19:45:51,130:INFO:Cross validating with StratifiedKFold(n_splits=10, random_state=123, shuffle=False), n_jobs=-1
2020-12-25 19:45:51,193:INFO:Calculating mean and std
2020-12-25 19:45:51,194:INFO:Creating metrics dataframe
2020-12-25 19:45:51,198:INFO:Uploading results into container
2020-12-25 19:45:51,198:INFO:Uploading model into container now
2020-12-25 19:45:51,198:INFO:create_model_container: 5
2020-12-25 19:45:51,198:INFO:master_model_container: 5
2020-12-25 19:45:51,198:INFO:display_container: 2
2020-12-25 19:45:51,199:INFO:SGDClassifier(alpha=0.0001, average=False, class_weight=None,
              early_stopping=False, epsilon=0.1, eta0=0.001, fit_intercept=True,
              l1_ratio=0.15, learning_rate='optimal', loss='hinge',
              max_iter=1000, n_iter_no_change=5, n_jobs=-1, penalty='l2',
              power_t=0.5, random_state=123, shuffle=True, tol=0.001,
              validation_fraction=0.1, verbose=0, warm_start=False)
2020-12-25 19:45:51,199:INFO:create_model() succesfully completed......................................
2020-12-25 19:45:51,355:INFO:SubProcess create_model() end ==================================
2020-12-25 19:45:51,355:INFO:Creating metrics dataframe
2020-12-25 19:45:51,375:INFO:Initializing Ridge Classifier
2020-12-25 19:45:51,376:INFO:Total runtime is 0.12102093299229941 minutes
2020-12-25 19:45:51,384:INFO:SubProcess create_model() called ==================================
2020-12-25 19:45:51,385:INFO:Initializing create_model()
2020-12-25 19:45:51,385:INFO:create_model(estimator=ridge, fold=StratifiedKFold(n_splits=10, random_state=123, shuffle=False), round=4, cross_validation=True, predict=True, fit_kwargs={}, groups=None, refit=False, verbose=False, system=False, metrics=None, display=<pycaret.internal.Display.Display object at 0x7fe900ec8a50>, kwargs={})
2020-12-25 19:45:51,385:INFO:Checking exceptions
2020-12-25 19:45:51,385:INFO:Importing libraries
2020-12-25 19:45:51,385:INFO:Copying training dataset
2020-12-25 19:45:51,386:INFO:Defining folds
2020-12-25 19:45:51,387:INFO:Declaring metric variables
2020-12-25 19:45:51,395:INFO:Importing untrained model
2020-12-25 19:45:51,403:INFO:Ridge Classifier Imported succesfully
2020-12-25 19:45:51,418:INFO:Starting cross validation
2020-12-25 19:45:51,419:INFO:Cross validating with StratifiedKFold(n_splits=10, random_state=123, shuffle=False), n_jobs=-1
2020-12-25 19:45:51,479:INFO:Calculating mean and std
2020-12-25 19:45:51,480:INFO:Creating metrics dataframe
2020-12-25 19:45:51,485:INFO:Uploading results into container
2020-12-25 19:45:51,485:INFO:Uploading model into container now
2020-12-25 19:45:51,485:INFO:create_model_container: 6
2020-12-25 19:45:51,485:INFO:master_model_container: 6
2020-12-25 19:45:51,485:INFO:display_container: 2
2020-12-25 19:45:51,485:INFO:RidgeClassifier(alpha=1.0, class_weight=None, copy_X=True, fit_intercept=True,
                max_iter=None, normalize=False, random_state=123, solver='auto',
                tol=0.001)
2020-12-25 19:45:51,485:INFO:create_model() succesfully completed......................................
2020-12-25 19:45:51,637:INFO:SubProcess create_model() end ==================================
2020-12-25 19:45:51,637:INFO:Creating metrics dataframe
2020-12-25 19:45:51,660:INFO:Initializing Random Forest Classifier
2020-12-25 19:45:51,660:INFO:Total runtime is 0.1257697661717733 minutes
2020-12-25 19:45:51,669:INFO:SubProcess create_model() called ==================================
2020-12-25 19:45:51,669:INFO:Initializing create_model()
2020-12-25 19:45:51,670:INFO:create_model(estimator=rf, fold=StratifiedKFold(n_splits=10, random_state=123, shuffle=False), round=4, cross_validation=True, predict=True, fit_kwargs={}, groups=None, refit=False, verbose=False, system=False, metrics=None, display=<pycaret.internal.Display.Display object at 0x7fe900ec8a50>, kwargs={})
2020-12-25 19:45:51,670:INFO:Checking exceptions
2020-12-25 19:45:51,670:INFO:Importing libraries
2020-12-25 19:45:51,670:INFO:Copying training dataset
2020-12-25 19:45:51,671:INFO:Defining folds
2020-12-25 19:45:51,671:INFO:Declaring metric variables
2020-12-25 19:45:51,679:INFO:Importing untrained model
2020-12-25 19:45:51,686:INFO:Random Forest Classifier Imported succesfully
2020-12-25 19:45:51,701:INFO:Starting cross validation
2020-12-25 19:45:51,702:INFO:Cross validating with StratifiedKFold(n_splits=10, random_state=123, shuffle=False), n_jobs=-1
2020-12-25 19:45:53,650:INFO:Calculating mean and std
2020-12-25 19:45:53,653:INFO:Creating metrics dataframe
2020-12-25 19:45:53,660:INFO:Uploading results into container
2020-12-25 19:45:53,660:INFO:Uploading model into container now
2020-12-25 19:45:53,660:INFO:create_model_container: 7
2020-12-25 19:45:53,660:INFO:master_model_container: 7
2020-12-25 19:45:53,660:INFO:display_container: 2
2020-12-25 19:45:53,661:INFO:RandomForestClassifier(bootstrap=True, ccp_alpha=0.0, class_weight=None,
                       criterion='gini', max_depth=None, max_features='auto',
                       max_leaf_nodes=None, max_samples=None,
                       min_impurity_decrease=0.0, min_impurity_split=None,
                       min_samples_leaf=1, min_samples_split=2,
                       min_weight_fraction_leaf=0.0, n_estimators=100,
                       n_jobs=-1, oob_score=False, random_state=123, verbose=0,
                       warm_start=False)
2020-12-25 19:45:53,661:INFO:create_model() succesfully completed......................................
2020-12-25 19:45:53,810:INFO:SubProcess create_model() end ==================================
2020-12-25 19:45:53,810:INFO:Creating metrics dataframe
2020-12-25 19:45:53,835:INFO:Initializing Quadratic Discriminant Analysis
2020-12-25 19:45:53,835:INFO:Total runtime is 0.16201405127843221 minutes
2020-12-25 19:45:53,844:INFO:SubProcess create_model() called ==================================
2020-12-25 19:45:53,845:INFO:Initializing create_model()
2020-12-25 19:45:53,845:INFO:create_model(estimator=qda, fold=StratifiedKFold(n_splits=10, random_state=123, shuffle=False), round=4, cross_validation=True, predict=True, fit_kwargs={}, groups=None, refit=False, verbose=False, system=False, metrics=None, display=<pycaret.internal.Display.Display object at 0x7fe900ec8a50>, kwargs={})
2020-12-25 19:45:53,845:INFO:Checking exceptions
2020-12-25 19:45:53,845:INFO:Importing libraries
2020-12-25 19:45:53,845:INFO:Copying training dataset
2020-12-25 19:45:53,847:INFO:Defining folds
2020-12-25 19:45:53,847:INFO:Declaring metric variables
2020-12-25 19:45:53,854:INFO:Importing untrained model
2020-12-25 19:45:53,861:INFO:Quadratic Discriminant Analysis Imported succesfully
2020-12-25 19:45:53,877:INFO:Starting cross validation
2020-12-25 19:45:53,877:INFO:Cross validating with StratifiedKFold(n_splits=10, random_state=123, shuffle=False), n_jobs=-1
2020-12-25 19:45:53,945:INFO:Calculating mean and std
2020-12-25 19:45:53,945:INFO:Creating metrics dataframe
2020-12-25 19:45:53,950:INFO:Uploading results into container
2020-12-25 19:45:53,950:INFO:Uploading model into container now
2020-12-25 19:45:53,950:INFO:create_model_container: 8
2020-12-25 19:45:53,950:INFO:master_model_container: 8
2020-12-25 19:45:53,950:INFO:display_container: 2
2020-12-25 19:45:53,951:INFO:QuadraticDiscriminantAnalysis(priors=None, reg_param=0.0,
                              store_covariance=False, tol=0.0001)
2020-12-25 19:45:53,951:INFO:create_model() succesfully completed......................................
2020-12-25 19:45:54,105:INFO:SubProcess create_model() end ==================================
2020-12-25 19:45:54,105:INFO:Creating metrics dataframe
2020-12-25 19:45:54,133:INFO:Initializing Ada Boost Classifier
2020-12-25 19:45:54,133:INFO:Total runtime is 0.1669765512148539 minutes
2020-12-25 19:45:54,144:INFO:SubProcess create_model() called ==================================
2020-12-25 19:45:54,144:INFO:Initializing create_model()
2020-12-25 19:45:54,144:INFO:create_model(estimator=ada, fold=StratifiedKFold(n_splits=10, random_state=123, shuffle=False), round=4, cross_validation=True, predict=True, fit_kwargs={}, groups=None, refit=False, verbose=False, system=False, metrics=None, display=<pycaret.internal.Display.Display object at 0x7fe900ec8a50>, kwargs={})
2020-12-25 19:45:54,144:INFO:Checking exceptions
2020-12-25 19:45:54,144:INFO:Importing libraries
2020-12-25 19:45:54,144:INFO:Copying training dataset
2020-12-25 19:45:54,145:INFO:Defining folds
2020-12-25 19:45:54,146:INFO:Declaring metric variables
2020-12-25 19:45:54,153:INFO:Importing untrained model
2020-12-25 19:45:54,162:INFO:Ada Boost Classifier Imported succesfully
2020-12-25 19:45:54,177:INFO:Starting cross validation
2020-12-25 19:45:54,177:INFO:Cross validating with StratifiedKFold(n_splits=10, random_state=123, shuffle=False), n_jobs=-1
2020-12-25 19:45:54,469:INFO:Calculating mean and std
2020-12-25 19:45:54,470:INFO:Creating metrics dataframe
2020-12-25 19:45:54,474:INFO:Uploading results into container
2020-12-25 19:45:54,474:INFO:Uploading model into container now
2020-12-25 19:45:54,474:INFO:create_model_container: 9
2020-12-25 19:45:54,474:INFO:master_model_container: 9
2020-12-25 19:45:54,474:INFO:display_container: 2
2020-12-25 19:45:54,474:INFO:AdaBoostClassifier(algorithm='SAMME.R', base_estimator=None, learning_rate=1.0,
                   n_estimators=50, random_state=123)
2020-12-25 19:45:54,474:INFO:create_model() succesfully completed......................................
2020-12-25 19:45:54,621:INFO:SubProcess create_model() end ==================================
2020-12-25 19:45:54,621:INFO:Creating metrics dataframe
2020-12-25 19:45:54,650:INFO:Initializing Gradient Boosting Classifier
2020-12-25 19:45:54,650:INFO:Total runtime is 0.17559520006179807 minutes
2020-12-25 19:45:54,658:INFO:SubProcess create_model() called ==================================
2020-12-25 19:45:54,659:INFO:Initializing create_model()
2020-12-25 19:45:54,659:INFO:create_model(estimator=gbc, fold=StratifiedKFold(n_splits=10, random_state=123, shuffle=False), round=4, cross_validation=True, predict=True, fit_kwargs={}, groups=None, refit=False, verbose=False, system=False, metrics=None, display=<pycaret.internal.Display.Display object at 0x7fe900ec8a50>, kwargs={})
2020-12-25 19:45:54,659:INFO:Checking exceptions
2020-12-25 19:45:54,659:INFO:Importing libraries
2020-12-25 19:45:54,659:INFO:Copying training dataset
2020-12-25 19:45:54,660:INFO:Defining folds
2020-12-25 19:45:54,661:INFO:Declaring metric variables
2020-12-25 19:45:54,668:INFO:Importing untrained model
2020-12-25 19:45:54,676:INFO:Gradient Boosting Classifier Imported succesfully
2020-12-25 19:45:54,691:INFO:Starting cross validation
2020-12-25 19:45:54,692:INFO:Cross validating with StratifiedKFold(n_splits=10, random_state=123, shuffle=False), n_jobs=-1
2020-12-25 19:45:55,132:INFO:Calculating mean and std
2020-12-25 19:45:55,133:INFO:Creating metrics dataframe
2020-12-25 19:45:55,136:INFO:Uploading results into container
2020-12-25 19:45:55,137:INFO:Uploading model into container now
2020-12-25 19:45:55,137:INFO:create_model_container: 10
2020-12-25 19:45:55,137:INFO:master_model_container: 10
2020-12-25 19:45:55,137:INFO:display_container: 2
2020-12-25 19:45:55,137:INFO:GradientBoostingClassifier(ccp_alpha=0.0, criterion='friedman_mse', init=None,
                           learning_rate=0.1, loss='deviance', max_depth=3,
                           max_features=None, max_leaf_nodes=None,
                           min_impurity_decrease=0.0, min_impurity_split=None,
                           min_samples_leaf=1, min_samples_split=2,
                           min_weight_fraction_leaf=0.0, n_estimators=100,
                           n_iter_no_change=None, presort='deprecated',
                           random_state=123, subsample=1.0, tol=0.0001,
                           validation_fraction=0.1, verbose=0,
                           warm_start=False)
2020-12-25 19:45:55,137:INFO:create_model() succesfully completed......................................
2020-12-25 19:45:55,288:INFO:SubProcess create_model() end ==================================
2020-12-25 19:45:55,288:INFO:Creating metrics dataframe
2020-12-25 19:45:55,318:INFO:Initializing Linear Discriminant Analysis
2020-12-25 19:45:55,319:INFO:Total runtime is 0.1867385983467102 minutes
2020-12-25 19:45:55,328:INFO:SubProcess create_model() called ==================================
2020-12-25 19:45:55,328:INFO:Initializing create_model()
2020-12-25 19:45:55,328:INFO:create_model(estimator=lda, fold=StratifiedKFold(n_splits=10, random_state=123, shuffle=False), round=4, cross_validation=True, predict=True, fit_kwargs={}, groups=None, refit=False, verbose=False, system=False, metrics=None, display=<pycaret.internal.Display.Display object at 0x7fe900ec8a50>, kwargs={})
2020-12-25 19:45:55,328:INFO:Checking exceptions
2020-12-25 19:45:55,328:INFO:Importing libraries
2020-12-25 19:45:55,328:INFO:Copying training dataset
2020-12-25 19:45:55,329:INFO:Defining folds
2020-12-25 19:45:55,329:INFO:Declaring metric variables
2020-12-25 19:45:55,337:INFO:Importing untrained model
2020-12-25 19:45:55,345:INFO:Linear Discriminant Analysis Imported succesfully
2020-12-25 19:45:55,360:INFO:Starting cross validation
2020-12-25 19:45:55,360:INFO:Cross validating with StratifiedKFold(n_splits=10, random_state=123, shuffle=False), n_jobs=-1
2020-12-25 19:45:55,428:INFO:Calculating mean and std
2020-12-25 19:45:55,429:INFO:Creating metrics dataframe
2020-12-25 19:45:55,433:INFO:Uploading results into container
2020-12-25 19:45:55,433:INFO:Uploading model into container now
2020-12-25 19:45:55,433:INFO:create_model_container: 11
2020-12-25 19:45:55,433:INFO:master_model_container: 11
2020-12-25 19:45:55,433:INFO:display_container: 2
2020-12-25 19:45:55,434:INFO:LinearDiscriminantAnalysis(n_components=None, priors=None, shrinkage=None,
                           solver='svd', store_covariance=False, tol=0.0001)
2020-12-25 19:45:55,434:INFO:create_model() succesfully completed......................................
2020-12-25 19:45:55,586:INFO:SubProcess create_model() end ==================================
2020-12-25 19:45:55,586:INFO:Creating metrics dataframe
2020-12-25 19:45:55,618:INFO:Initializing Extra Trees Classifier
2020-12-25 19:45:55,619:INFO:Total runtime is 0.19173881610234578 minutes
2020-12-25 19:45:55,628:INFO:SubProcess create_model() called ==================================
2020-12-25 19:45:55,628:INFO:Initializing create_model()
2020-12-25 19:45:55,629:INFO:create_model(estimator=et, fold=StratifiedKFold(n_splits=10, random_state=123, shuffle=False), round=4, cross_validation=True, predict=True, fit_kwargs={}, groups=None, refit=False, verbose=False, system=False, metrics=None, display=<pycaret.internal.Display.Display object at 0x7fe900ec8a50>, kwargs={})
2020-12-25 19:45:55,629:INFO:Checking exceptions
2020-12-25 19:45:55,629:INFO:Importing libraries
2020-12-25 19:45:55,629:INFO:Copying training dataset
2020-12-25 19:45:55,630:INFO:Defining folds
2020-12-25 19:45:55,630:INFO:Declaring metric variables
2020-12-25 19:45:55,637:INFO:Importing untrained model
2020-12-25 19:45:55,645:INFO:Extra Trees Classifier Imported succesfully
2020-12-25 19:45:55,660:INFO:Starting cross validation
2020-12-25 19:45:55,661:INFO:Cross validating with StratifiedKFold(n_splits=10, random_state=123, shuffle=False), n_jobs=-1
2020-12-25 19:45:57,368:INFO:Calculating mean and std
2020-12-25 19:45:57,370:INFO:Creating metrics dataframe
2020-12-25 19:45:57,377:INFO:Uploading results into container
2020-12-25 19:45:57,377:INFO:Uploading model into container now
2020-12-25 19:45:57,377:INFO:create_model_container: 12
2020-12-25 19:45:57,377:INFO:master_model_container: 12
2020-12-25 19:45:57,378:INFO:display_container: 2
2020-12-25 19:45:57,378:INFO:ExtraTreesClassifier(bootstrap=False, ccp_alpha=0.0, class_weight=None,
                     criterion='gini', max_depth=None, max_features='auto',
                     max_leaf_nodes=None, max_samples=None,
                     min_impurity_decrease=0.0, min_impurity_split=None,
                     min_samples_leaf=1, min_samples_split=2,
                     min_weight_fraction_leaf=0.0, n_estimators=100, n_jobs=-1,
                     oob_score=False, random_state=123, verbose=0,
                     warm_start=False)
2020-12-25 19:45:57,378:INFO:create_model() succesfully completed......................................
2020-12-25 19:45:57,526:INFO:SubProcess create_model() end ==================================
2020-12-25 19:45:57,526:INFO:Creating metrics dataframe
2020-12-25 19:45:57,557:INFO:Initializing Extreme Gradient Boosting
2020-12-25 19:45:57,557:INFO:Total runtime is 0.22404113213221233 minutes
2020-12-25 19:45:57,565:INFO:SubProcess create_model() called ==================================
2020-12-25 19:45:57,565:INFO:Initializing create_model()
2020-12-25 19:45:57,565:INFO:create_model(estimator=xgboost, fold=StratifiedKFold(n_splits=10, random_state=123, shuffle=False), round=4, cross_validation=True, predict=True, fit_kwargs={}, groups=None, refit=False, verbose=False, system=False, metrics=None, display=<pycaret.internal.Display.Display object at 0x7fe900ec8a50>, kwargs={})
2020-12-25 19:45:57,566:INFO:Checking exceptions
2020-12-25 19:45:57,566:INFO:Importing libraries
2020-12-25 19:45:57,566:INFO:Copying training dataset
2020-12-25 19:45:57,567:INFO:Defining folds
2020-12-25 19:45:57,567:INFO:Declaring metric variables
2020-12-25 19:45:57,575:INFO:Importing untrained model
2020-12-25 19:45:57,582:INFO:Extreme Gradient Boosting Imported succesfully
2020-12-25 19:45:57,598:INFO:Starting cross validation
2020-12-25 19:45:57,599:INFO:Cross validating with StratifiedKFold(n_splits=10, random_state=123, shuffle=False), n_jobs=-1
2020-12-25 19:45:59,016:INFO:Calculating mean and std
2020-12-25 19:45:59,017:INFO:Creating metrics dataframe
2020-12-25 19:45:59,021:INFO:Uploading results into container
2020-12-25 19:45:59,021:INFO:Uploading model into container now
2020-12-25 19:45:59,021:INFO:create_model_container: 13
2020-12-25 19:45:59,021:INFO:master_model_container: 13
2020-12-25 19:45:59,021:INFO:display_container: 2
2020-12-25 19:45:59,021:INFO:XGBClassifier(base_score=None, booster='gbtree', colsample_bylevel=None,
              colsample_bynode=None, colsample_bytree=None, gamma=None,
              gpu_id=None, importance_type='gain', interaction_constraints=None,
              learning_rate=None, max_delta_step=None, max_depth=None,
              min_child_weight=None, missing=nan, monotone_constraints=None,
              n_estimators=100, n_jobs=-1, num_parallel_tree=None,
              objective='binary:logistic', random_state=123, reg_alpha=None,
              reg_lambda=None, scale_pos_weight=None, subsample=None,
              tree_method='auto', validate_parameters=None, verbosity=0)
2020-12-25 19:45:59,021:INFO:create_model() succesfully completed......................................
2020-12-25 19:45:59,168:INFO:SubProcess create_model() end ==================================
2020-12-25 19:45:59,168:INFO:Creating metrics dataframe
2020-12-25 19:45:59,205:INFO:Initializing Light Gradient Boosting Machine
2020-12-25 19:45:59,205:INFO:Total runtime is 0.2515176335970561 minutes
2020-12-25 19:45:59,214:INFO:SubProcess create_model() called ==================================
2020-12-25 19:45:59,214:INFO:Initializing create_model()
2020-12-25 19:45:59,214:INFO:create_model(estimator=lightgbm, fold=StratifiedKFold(n_splits=10, random_state=123, shuffle=False), round=4, cross_validation=True, predict=True, fit_kwargs={}, groups=None, refit=False, verbose=False, system=False, metrics=None, display=<pycaret.internal.Display.Display object at 0x7fe900ec8a50>, kwargs={})
2020-12-25 19:45:59,215:INFO:Checking exceptions
2020-12-25 19:45:59,215:INFO:Importing libraries
2020-12-25 19:45:59,215:INFO:Copying training dataset
2020-12-25 19:45:59,217:INFO:Defining folds
2020-12-25 19:45:59,217:INFO:Declaring metric variables
2020-12-25 19:45:59,224:INFO:Importing untrained model
2020-12-25 19:45:59,232:INFO:Light Gradient Boosting Machine Imported succesfully
2020-12-25 19:45:59,248:INFO:Starting cross validation
2020-12-25 19:45:59,249:INFO:Cross validating with StratifiedKFold(n_splits=10, random_state=123, shuffle=False), n_jobs=-1
2020-12-25 19:45:59,455:INFO:Calculating mean and std
2020-12-25 19:45:59,455:INFO:Creating metrics dataframe
2020-12-25 19:45:59,460:INFO:Uploading results into container
2020-12-25 19:45:59,460:INFO:Uploading model into container now
2020-12-25 19:45:59,460:INFO:create_model_container: 14
2020-12-25 19:45:59,460:INFO:master_model_container: 14
2020-12-25 19:45:59,460:INFO:display_container: 2
2020-12-25 19:45:59,460:INFO:LGBMClassifier(boosting_type='gbdt', class_weight=None, colsample_bytree=1.0,
               importance_type='split', learning_rate=0.1, max_depth=-1,
               min_child_samples=20, min_child_weight=0.001, min_split_gain=0.0,
               n_estimators=100, n_jobs=-1, num_leaves=31, objective=None,
               random_state=123, reg_alpha=0.0, reg_lambda=0.0, silent=True,
               subsample=1.0, subsample_for_bin=200000, subsample_freq=0)
2020-12-25 19:45:59,460:INFO:create_model() succesfully completed......................................
2020-12-25 19:45:59,609:INFO:SubProcess create_model() end ==================================
2020-12-25 19:45:59,610:INFO:Creating metrics dataframe
2020-12-25 19:45:59,647:INFO:Initializing CatBoost Classifier
2020-12-25 19:45:59,647:INFO:Total runtime is 0.2588787833849589 minutes
2020-12-25 19:45:59,655:INFO:SubProcess create_model() called ==================================
2020-12-25 19:45:59,656:INFO:Initializing create_model()
2020-12-25 19:45:59,656:INFO:create_model(estimator=catboost, fold=StratifiedKFold(n_splits=10, random_state=123, shuffle=False), round=4, cross_validation=True, predict=True, fit_kwargs={}, groups=None, refit=False, verbose=False, system=False, metrics=None, display=<pycaret.internal.Display.Display object at 0x7fe900ec8a50>, kwargs={})
2020-12-25 19:45:59,656:INFO:Checking exceptions
2020-12-25 19:45:59,656:INFO:Importing libraries
2020-12-25 19:45:59,656:INFO:Copying training dataset
2020-12-25 19:45:59,657:INFO:Defining folds
2020-12-25 19:45:59,658:INFO:Declaring metric variables
2020-12-25 19:45:59,665:INFO:Importing untrained model
2020-12-25 19:45:59,673:INFO:CatBoost Classifier Imported succesfully
2020-12-25 19:45:59,688:INFO:Starting cross validation
2020-12-25 19:45:59,689:INFO:Cross validating with StratifiedKFold(n_splits=10, random_state=123, shuffle=False), n_jobs=-1
2020-12-25 19:46:11,263:INFO:Calculating mean and std
2020-12-25 19:46:11,265:INFO:Creating metrics dataframe
2020-12-25 19:46:11,269:INFO:Uploading results into container
2020-12-25 19:46:11,269:INFO:Uploading model into container now
2020-12-25 19:46:11,269:INFO:create_model_container: 15
2020-12-25 19:46:11,269:INFO:master_model_container: 15
2020-12-25 19:46:11,269:INFO:display_container: 2
2020-12-25 19:46:11,269:INFO:<catboost.core.CatBoostClassifier object at 0x7fe900f35e90>
2020-12-25 19:46:11,270:INFO:create_model() succesfully completed......................................
2020-12-25 19:46:11,417:INFO:SubProcess create_model() end ==================================
2020-12-25 19:46:11,417:INFO:Creating metrics dataframe
2020-12-25 19:46:11,476:INFO:Initializing create_model()
2020-12-25 19:46:11,476:INFO:create_model(estimator=RandomForestClassifier(bootstrap=True, ccp_alpha=0.0, class_weight=None,
                       criterion='gini', max_depth=None, max_features='auto',
                       max_leaf_nodes=None, max_samples=None,
                       min_impurity_decrease=0.0, min_impurity_split=None,
                       min_samples_leaf=1, min_samples_split=2,
                       min_weight_fraction_leaf=0.0, n_estimators=100,
                       n_jobs=-1, oob_score=False, random_state=123, verbose=0,
                       warm_start=False), fold=StratifiedKFold(n_splits=10, random_state=123, shuffle=False), round=4, cross_validation=False, predict=False, fit_kwargs={}, groups=None, refit=True, verbose=False, system=False, metrics=None, display=None, kwargs={})
2020-12-25 19:46:11,476:INFO:Checking exceptions
2020-12-25 19:46:11,477:INFO:Importing libraries
2020-12-25 19:46:11,477:INFO:Copying training dataset
2020-12-25 19:46:11,477:INFO:Defining folds
2020-12-25 19:46:11,478:INFO:Declaring metric variables
2020-12-25 19:46:11,478:INFO:Importing untrained model
2020-12-25 19:46:11,478:INFO:Declaring custom model
2020-12-25 19:46:11,479:INFO:Random Forest Classifier Imported succesfully
2020-12-25 19:46:11,479:INFO:Cross validation set to False
2020-12-25 19:46:11,479:INFO:Fitting Model
2020-12-25 19:46:12,156:INFO:RandomForestClassifier(bootstrap=True, ccp_alpha=0.0, class_weight=None,
                       criterion='gini', max_depth=None, max_features='auto',
                       max_leaf_nodes=None, max_samples=None,
                       min_impurity_decrease=0.0, min_impurity_split=None,
                       min_samples_leaf=1, min_samples_split=2,
                       min_weight_fraction_leaf=0.0, n_estimators=100,
                       n_jobs=-1, oob_score=False, random_state=123, verbose=0,
                       warm_start=False)
2020-12-25 19:46:12,156:INFO:create_models() succesfully completed......................................
2020-12-25 19:46:12,404:INFO:create_model_container: 15
2020-12-25 19:46:12,405:INFO:master_model_container: 15
2020-12-25 19:46:12,405:INFO:display_container: 2
2020-12-25 19:46:12,405:INFO:RandomForestClassifier(bootstrap=True, ccp_alpha=0.0, class_weight=None,
                       criterion='gini', max_depth=None, max_features='auto',
                       max_leaf_nodes=None, max_samples=None,
                       min_impurity_decrease=0.0, min_impurity_split=None,
                       min_samples_leaf=1, min_samples_split=2,
                       min_weight_fraction_leaf=0.0, n_estimators=100,
                       n_jobs=-1, oob_score=False, random_state=123, verbose=0,
                       warm_start=False)
2020-12-25 19:46:12,405:INFO:compare_models() succesfully completed......................................
2020-12-25 20:19:52,307:INFO:PyCaret Supervised Module
2020-12-25 20:19:52,308:INFO:ML Usecase: classification
2020-12-25 20:19:52,308:INFO:version 2.2.3
2020-12-25 20:19:52,308:INFO:Initializing setup()
2020-12-25 20:19:52,308:INFO:setup(target=quality, ml_usecase=classification, available_plots={'parameter': 'Hyperparameters', 'auc': 'AUC', 'confusion_matrix': 'Confusion Matrix', 'threshold': 'Threshold', 'pr': 'Precision Recall', 'error': 'Prediction Error', 'class_report': 'Class Report', 'rfe': 'Feature Selection', 'learning': 'Learning Curve', 'manifold': 'Manifold Learning', 'calibration': 'Calibration Curve', 'vc': 'Validation Curve', 'dimension': 'Dimensions', 'feature': 'Feature Importance', 'feature_all': 'Feature Importance (All)', 'boundary': 'Decision Boundary', 'lift': 'Lift Chart', 'gain': 'Gain Chart', 'tree': 'Decision Tree'}, train_size=0.7, test_data=None, preprocess=True, imputation_type=simple, iterative_imputation_iters=5, categorical_features=None, categorical_imputation=constant, categorical_iterative_imputer=lightgbm, ordinal_features=None, high_cardinality_features=None, high_cardinality_method=frequency, numeric_features=None, numeric_imputation=mean, numeric_iterative_imputer=lightgbm, date_features=None, ignore_features=None, normalize=True, normalize_method=zscore, transformation=True, transformation_method=yeo-johnson, handle_unknown_categorical=True, unknown_categorical_method=least_frequent, pca=False, pca_method=linear, pca_components=None, ignore_low_variance=False, combine_rare_levels=False, rare_level_threshold=0.1, bin_numeric_features=None, remove_outliers=False, outliers_threshold=0.05, remove_multicollinearity=False, multicollinearity_threshold=0.9, remove_perfect_collinearity=True, create_clusters=False, cluster_iter=20, polynomial_features=False, polynomial_degree=2, trigonometry_features=False, polynomial_threshold=0.1, group_features=None, group_names=None, feature_selection=False, feature_selection_threshold=0.8, feature_selection_method=classic, feature_interaction=False, feature_ratio=False, interaction_threshold=0.01, fix_imbalance=False, fix_imbalance_method=None, transform_target=False, transform_target_method=box-cox, data_split_shuffle=True, data_split_stratify=False, fold_strategy=stratifiedkfold, fold=10, fold_shuffle=False, fold_groups=None, n_jobs=-1, use_gpu=False, custom_pipeline=None, html=True, session_id=123, log_experiment=False, experiment_name=None, log_plots=False, log_profile=False, log_data=False, silent=False, verbose=True, profile=False, profile_kwargs=None, display=None)
2020-12-25 20:19:52,309:INFO:Checking environment
2020-12-25 20:19:52,309:INFO:python_version: 3.7.6
2020-12-25 20:19:52,309:INFO:python_build: ('default', 'Jan  8 2020 13:42:34')
2020-12-25 20:19:52,309:INFO:machine: x86_64
2020-12-25 20:19:52,309:INFO:platform: Darwin-20.2.0-x86_64-i386-64bit
2020-12-25 20:19:52,309:INFO:Memory: svmem(total=17179869184, available=7996071936, percent=53.5, used=9180643328, free=782364672, active=6724431872, inactive=7055818752, wired=2456211456)
2020-12-25 20:19:52,309:INFO:Physical Core: 4
2020-12-25 20:19:52,310:INFO:Logical Core: 8
2020-12-25 20:19:52,310:INFO:Checking libraries
2020-12-25 20:19:52,310:INFO:pd==1.0.1
2020-12-25 20:19:52,310:INFO:numpy==1.19.4
2020-12-25 20:19:52,310:INFO:sklearn==0.23.2
2020-12-25 20:19:52,310:INFO:xgboost==1.2.1
2020-12-25 20:19:52,310:INFO:lightgbm==3.1.1
2020-12-25 20:19:52,310:INFO:catboost==0.24.3
2020-12-25 20:19:52,310:INFO:mlflow==1.13
2020-12-25 20:19:52,310:INFO:Checking Exceptions
2020-12-25 20:19:52,311:INFO:Declaring global variables
2020-12-25 20:19:52,311:INFO:USI: 397f
2020-12-25 20:19:52,311:INFO:pycaret_globals: {'fold_groups_param', 'fold_param', 'create_model_container', 'exp_name_log', 'html_param', 'stratify_param', 'experiment__', 'log_plots_param', 'target_param', 'transform_target_method_param', 'master_model_container', 'X_test', 'X', 'n_jobs_param', 'fold_shuffle_param', '_ml_usecase', 'prep_pipe', 'pycaret_globals', 'fold_generator', 'logging_param', 'imputation_classifier', '_all_metrics', '_all_models_internal', 'data_before_preprocess', 'display_container', 'y_train', 'USI', 'transform_target_param', '_internal_pipeline', 'imputation_regressor', 'X_train', 'fix_imbalance_method_param', '_available_plots', 'y_test', 'y', 'fix_imbalance_param', 'seed', 'iterative_imputation_iters_param', 'gpu_param', '_all_models', '_gpu_n_jobs_param'}
2020-12-25 20:19:52,311:INFO:Preparing display monitor
2020-12-25 20:19:52,311:INFO:Preparing display monitor
2020-12-25 20:19:52,329:INFO:Importing libraries
2020-12-25 20:19:52,329:INFO:Copying data for preprocessing
2020-12-25 20:19:52,337:INFO:Declaring preprocessing parameters
2020-12-25 20:19:52,339:INFO:Creating preprocessing pipeline
2020-12-25 20:19:52,346:INFO:Preprocessing pipeline created successfully
2020-12-25 20:19:52,347:ERROR:(Process Exit): setup has been interupted with user command 'quit'. setup must rerun.
2020-12-25 20:19:52,347:INFO:Creating global containers
2020-12-25 20:19:52,347:INFO:Internal pipeline: Pipeline(memory=None, steps=[('empty_step', 'passthrough')], verbose=False)
2020-12-25 20:19:59,230:INFO:Creating grid variables
2020-12-25 20:19:59,263:INFO:create_model_container: 0
2020-12-25 20:19:59,263:INFO:master_model_container: 0
2020-12-25 20:19:59,263:INFO:display_container: 1
2020-12-25 20:19:59,269:INFO:Pipeline(memory=None,
         steps=[('dtypes',
                 DataTypes_Auto_infer(categorical_features=[],
                                      display_types=True, features_todrop=[],
                                      id_columns=[],
                                      ml_usecase='classification',
                                      numerical_features=[], target='quality',
                                      time_features=[])),
                ('imputer',
                 Simple_Imputer(categorical_strategy='not_available',
                                fill_value_categorical=None,
                                fill_value_numerical=None,
                                numeric_stra...
                                                  random_state_quantile=123,
                                                  target='quality')),
                ('binn', 'passthrough'), ('rem_outliers', 'passthrough'),
                ('cluster_all', 'passthrough'),
                ('dummy', Dummify(target='quality')),
                ('fix_perfect', Remove_100(target='quality')),
                ('clean_names', Clean_Colum_Names()),
                ('feature_select', 'passthrough'), ('fix_multi', 'passthrough'),
                ('dfs', 'passthrough'), ('pca', 'passthrough')],
         verbose=False)
2020-12-25 20:19:59,269:INFO:setup() succesfully completed......................................
2020-12-25 20:21:28,595:INFO:Initializing create_model()
2020-12-25 20:21:28,596:INFO:create_model(estimator=et, fold=None, round=4, cross_validation=True, predict=True, fit_kwargs=None, groups=None, refit=True, verbose=True, system=True, metrics=None, display=None, kwargs={})
2020-12-25 20:21:28,596:INFO:Checking exceptions
2020-12-25 20:21:28,597:INFO:Preparing display monitor
2020-12-25 20:21:28,623:INFO:Importing libraries
2020-12-25 20:21:28,623:INFO:Copying training dataset
2020-12-25 20:21:28,624:INFO:Defining folds
2020-12-25 20:21:28,625:INFO:Declaring metric variables
2020-12-25 20:21:28,634:INFO:Importing untrained model
2020-12-25 20:21:28,647:INFO:Extra Trees Classifier Imported succesfully
2020-12-25 20:21:28,666:INFO:Starting cross validation
2020-12-25 20:21:28,667:INFO:Cross validating with StratifiedKFold(n_splits=10, random_state=123, shuffle=False), n_jobs=-1
2020-12-25 20:21:33,007:INFO:Calculating mean and std
2020-12-25 20:21:33,009:INFO:Creating metrics dataframe
2020-12-25 20:21:33,026:INFO:Finalizing model
2020-12-25 20:21:33,599:INFO:Uploading results into container
2020-12-25 20:21:33,599:INFO:Uploading model into container now
2020-12-25 20:21:33,634:INFO:create_model_container: 1
2020-12-25 20:21:33,635:INFO:master_model_container: 1
2020-12-25 20:21:33,635:INFO:display_container: 2
2020-12-25 20:21:33,636:INFO:ExtraTreesClassifier(bootstrap=False, ccp_alpha=0.0, class_weight=None,
                     criterion='gini', max_depth=None, max_features='auto',
                     max_leaf_nodes=None, max_samples=None,
                     min_impurity_decrease=0.0, min_impurity_split=None,
                     min_samples_leaf=1, min_samples_split=2,
                     min_weight_fraction_leaf=0.0, n_estimators=100, n_jobs=-1,
                     oob_score=False, random_state=123, verbose=0,
                     warm_start=False)
2020-12-25 20:21:33,636:INFO:create_model() succesfully completed......................................
2020-12-25 20:27:01,026:INFO:Initializing evaluate_model()
2020-12-25 20:27:01,027:INFO:evaluate_model(estimator=ExtraTreesClassifier(bootstrap=False, ccp_alpha=0.0, class_weight=None,
                     criterion='gini', max_depth=None, max_features='auto',
                     max_leaf_nodes=None, max_samples=None,
                     min_impurity_decrease=0.0, min_impurity_split=None,
                     min_samples_leaf=1, min_samples_split=2,
                     min_weight_fraction_leaf=0.0, n_estimators=100, n_jobs=-1,
                     oob_score=False, random_state=123, verbose=0,
                     warm_start=False), fold=None, fit_kwargs=None, feature_name=None, groups=None, use_train_data=False)
2020-12-25 20:27:01,054:INFO:Initializing plot_model()
2020-12-25 20:27:01,054:INFO:plot_model(plot=parameter, fold=StratifiedKFold(n_splits=10, random_state=123, shuffle=False), use_train_data=False, verbose=True, display=None, estimator=ExtraTreesClassifier(bootstrap=False, ccp_alpha=0.0, class_weight=None,
                     criterion='gini', max_depth=None, max_features='auto',
                     max_leaf_nodes=None, max_samples=None,
                     min_impurity_decrease=0.0, min_impurity_split=None,
                     min_samples_leaf=1, min_samples_split=2,
                     min_weight_fraction_leaf=0.0, n_estimators=100, n_jobs=-1,
                     oob_score=False, random_state=123, verbose=0,
                     warm_start=False), feature_name=None, fit_kwargs={}, groups=None, label=False, save=False, scale=1, system=True)
2020-12-25 20:27:01,054:INFO:Checking exceptions
2020-12-25 20:27:01,161:INFO:Preparing display monitor
2020-12-25 20:27:01,177:INFO:Preloading libraries
2020-12-25 20:27:01,201:INFO:Copying training dataset
2020-12-25 20:27:01,202:INFO:Copying test dataset
2020-12-25 20:27:01,202:INFO:Plot type: parameter
2020-12-25 20:27:01,533:INFO:Visual Rendered Successfully
2020-12-25 20:27:01,692:INFO:plot_model() succesfully completed......................................
2020-12-25 20:27:12,650:INFO:Initializing plot_model()
2020-12-25 20:27:12,650:INFO:plot_model(plot=auc, fold=StratifiedKFold(n_splits=10, random_state=123, shuffle=False), use_train_data=False, verbose=True, display=None, estimator=ExtraTreesClassifier(bootstrap=False, ccp_alpha=0.0, class_weight=None,
                     criterion='gini', max_depth=None, max_features='auto',
                     max_leaf_nodes=None, max_samples=None,
                     min_impurity_decrease=0.0, min_impurity_split=None,
                     min_samples_leaf=1, min_samples_split=2,
                     min_weight_fraction_leaf=0.0, n_estimators=100, n_jobs=-1,
                     oob_score=False, random_state=123, verbose=0,
                     warm_start=False), feature_name=None, fit_kwargs={}, groups=None, label=False, save=False, scale=1, system=True)
2020-12-25 20:27:12,650:INFO:Checking exceptions
2020-12-25 20:27:12,756:INFO:Preparing display monitor
2020-12-25 20:27:12,771:INFO:Preloading libraries
2020-12-25 20:27:12,795:INFO:Copying training dataset
2020-12-25 20:27:12,796:INFO:Copying test dataset
2020-12-25 20:27:12,796:INFO:Plot type: auc
2020-12-25 20:27:13,029:INFO:Fitting Model
2020-12-25 20:27:13,030:INFO:Scoring test/hold-out set
2020-12-25 20:27:13,493:INFO:Visual Rendered Successfully
2020-12-25 20:27:13,648:INFO:plot_model() succesfully completed......................................
2020-12-25 20:27:16,871:INFO:Initializing plot_model()
2020-12-25 20:27:16,871:INFO:plot_model(plot=confusion_matrix, fold=StratifiedKFold(n_splits=10, random_state=123, shuffle=False), use_train_data=False, verbose=True, display=None, estimator=ExtraTreesClassifier(bootstrap=False, ccp_alpha=0.0, class_weight=None,
                     criterion='gini', max_depth=None, max_features='auto',
                     max_leaf_nodes=None, max_samples=None,
                     min_impurity_decrease=0.0, min_impurity_split=None,
                     min_samples_leaf=1, min_samples_split=2,
                     min_weight_fraction_leaf=0.0, n_estimators=100, n_jobs=-1,
                     oob_score=False, random_state=123, verbose=0,
                     warm_start=False), feature_name=None, fit_kwargs={}, groups=None, label=False, save=False, scale=1, system=True)
2020-12-25 20:27:16,871:INFO:Checking exceptions
2020-12-25 20:27:16,977:INFO:Preparing display monitor
2020-12-25 20:27:16,991:INFO:Preloading libraries
2020-12-25 20:27:17,015:INFO:Copying training dataset
2020-12-25 20:27:17,016:INFO:Copying test dataset
2020-12-25 20:27:17,017:INFO:Plot type: confusion_matrix
2020-12-25 20:27:17,252:INFO:Fitting Model
2020-12-25 20:27:17,254:INFO:Scoring test/hold-out set
2020-12-25 20:27:17,611:INFO:Visual Rendered Successfully
2020-12-25 20:27:17,768:INFO:plot_model() succesfully completed......................................
2020-12-25 20:27:20,302:INFO:Initializing plot_model()
2020-12-25 20:27:20,302:INFO:plot_model(plot=threshold, fold=StratifiedKFold(n_splits=10, random_state=123, shuffle=False), use_train_data=False, verbose=True, display=None, estimator=ExtraTreesClassifier(bootstrap=False, ccp_alpha=0.0, class_weight=None,
                     criterion='gini', max_depth=None, max_features='auto',
                     max_leaf_nodes=None, max_samples=None,
                     min_impurity_decrease=0.0, min_impurity_split=None,
                     min_samples_leaf=1, min_samples_split=2,
                     min_weight_fraction_leaf=0.0, n_estimators=100, n_jobs=-1,
                     oob_score=False, random_state=123, verbose=0,
                     warm_start=False), feature_name=None, fit_kwargs={}, groups=None, label=False, save=False, scale=1, system=True)
2020-12-25 20:27:20,303:INFO:Checking exceptions
2020-12-25 20:27:20,407:INFO:Preparing display monitor
2020-12-25 20:27:20,421:INFO:Preloading libraries
2020-12-25 20:27:20,445:INFO:Copying training dataset
2020-12-25 20:27:20,446:INFO:Copying test dataset
2020-12-25 20:27:20,446:INFO:Plot type: threshold
2020-12-25 20:27:20,680:INFO:Fitting Model
2020-12-25 20:27:55,692:INFO:Scoring test/hold-out set
2020-12-25 20:27:56,186:INFO:Visual Rendered Successfully
2020-12-25 20:27:56,342:INFO:plot_model() succesfully completed......................................
2020-12-25 20:27:56,355:INFO:Initializing plot_model()
2020-12-25 20:27:56,355:INFO:plot_model(plot=feature, fold=StratifiedKFold(n_splits=10, random_state=123, shuffle=False), use_train_data=False, verbose=True, display=None, estimator=ExtraTreesClassifier(bootstrap=False, ccp_alpha=0.0, class_weight=None,
                     criterion='gini', max_depth=None, max_features='auto',
                     max_leaf_nodes=None, max_samples=None,
                     min_impurity_decrease=0.0, min_impurity_split=None,
                     min_samples_leaf=1, min_samples_split=2,
                     min_weight_fraction_leaf=0.0, n_estimators=100, n_jobs=-1,
                     oob_score=False, random_state=123, verbose=0,
                     warm_start=False), feature_name=None, fit_kwargs={}, groups=None, label=False, save=False, scale=1, system=True)
2020-12-25 20:27:56,355:INFO:Checking exceptions
2020-12-25 20:27:56,466:INFO:Preparing display monitor
2020-12-25 20:27:56,484:INFO:Preloading libraries
2020-12-25 20:27:56,509:INFO:Copying training dataset
2020-12-25 20:27:56,510:INFO:Copying test dataset
2020-12-25 20:27:56,511:INFO:Plot type: feature
2020-12-25 20:27:56,724:WARNING:No coef_ found. Trying feature_importances_
2020-12-25 20:27:57,044:INFO:Visual Rendered Successfully
2020-12-25 20:27:57,195:INFO:plot_model() succesfully completed......................................
2020-12-25 20:31:12,237:INFO:Initializing predict_model()
2020-12-25 20:31:12,237:INFO:predict_model(estimator=ExtraTreesClassifier(bootstrap=False, ccp_alpha=0.0, class_weight=None,
                     criterion='gini', max_depth=None, max_features='auto',
                     max_leaf_nodes=None, max_samples=None,
                     min_impurity_decrease=0.0, min_impurity_split=None,
                     min_samples_leaf=1, min_samples_split=2,
                     min_weight_fraction_leaf=0.0, n_estimators=100, n_jobs=-1,
                     oob_score=False, random_state=123, verbose=0,
                     warm_start=False), probability_threshold=None, encoded_labels=False, round=4, verbose=True, ml_usecase=MLUsecase.CLASSIFICATION, display=None)
2020-12-25 20:31:12,237:INFO:Checking exceptions
2020-12-25 20:31:12,238:INFO:Preloading libraries
2020-12-25 20:31:12,238:INFO:Preparing display monitor
2020-12-25 20:31:55,336:INFO:Initializing save_model()
2020-12-25 20:31:55,336:INFO:save_model(model=ExtraTreesClassifier(bootstrap=False, ccp_alpha=0.0, class_weight=None,
                     criterion='gini', max_depth=None, max_features='auto',
                     max_leaf_nodes=None, max_samples=None,
                     min_impurity_decrease=0.0, min_impurity_split=None,
                     min_samples_leaf=1, min_samples_split=2,
                     min_weight_fraction_leaf=0.0, n_estimators=100, n_jobs=-1,
                     oob_score=False, random_state=123, verbose=0,
                     warm_start=False), model_name=extra_tree_model, prep_pipe_=Pipeline(memory=None,
         steps=[('dtypes',
                 DataTypes_Auto_infer(categorical_features=[],
                                      display_types=True, features_todrop=[],
                                      id_columns=[],
                                      ml_usecase='classification',
                                      numerical_features=[], target='quality',
                                      time_features=[])),
                ('imputer',
                 Simple_Imputer(categorical_strategy='not_available',
                                fill_value_categorical=None,
                                fill_value_numerical=None,
                                numeric_stra...
                                                  random_state_quantile=123,
                                                  target='quality')),
                ('binn', 'passthrough'), ('rem_outliers', 'passthrough'),
                ('cluster_all', 'passthrough'),
                ('dummy', Dummify(target='quality')),
                ('fix_perfect', Remove_100(target='quality')),
                ('clean_names', Clean_Colum_Names()),
                ('feature_select', 'passthrough'), ('fix_multi', 'passthrough'),
                ('dfs', 'passthrough'), ('pca', 'passthrough')],
         verbose=False), verbose=True)
2020-12-25 20:31:55,336:INFO:Adding model into prep_pipe
2020-12-25 20:31:55,393:INFO:extra_tree_model.pkl saved in current working directory
2020-12-25 20:31:55,399:INFO:Pipeline(memory=None,
         steps=[('dtypes',
                 DataTypes_Auto_infer(categorical_features=[],
                                      display_types=True, features_todrop=[],
                                      id_columns=[],
                                      ml_usecase='classification',
                                      numerical_features=[], target='quality',
                                      time_features=[])),
                ('imputer',
                 Simple_Imputer(categorical_strategy='not_available',
                                fill_value_categorical=None,
                                fill_value_numerical=None,
                                numeric_stra...
                 ExtraTreesClassifier(bootstrap=False, ccp_alpha=0.0,
                                      class_weight=None, criterion='gini',
                                      max_depth=None, max_features='auto',
                                      max_leaf_nodes=None, max_samples=None,
                                      min_impurity_decrease=0.0,
                                      min_impurity_split=None,
                                      min_samples_leaf=1, min_samples_split=2,
                                      min_weight_fraction_leaf=0.0,
                                      n_estimators=100, n_jobs=-1,
                                      oob_score=False, random_state=123,
                                      verbose=0, warm_start=False)]],
         verbose=False)
2020-12-25 20:31:55,399:INFO:save_model() succesfully completed......................................
2020-12-25 20:36:23,836:INFO:Initializing load_model()
2020-12-25 20:36:23,837:INFO:load_model(model_name=extra_tree_model, platform=None, authentication=None, verbose=True)
2020-12-25 20:36:28,208:INFO:Initializing load_model()
2020-12-25 20:36:28,208:INFO:load_model(model_name=extra_tree_model, platform=None, authentication=None, verbose=True)
2020-12-25 20:36:28,281:INFO:Initializing predict_model()
2020-12-25 20:36:28,281:INFO:predict_model(estimator=Pipeline(steps=[('dtypes',
                 DataTypes_Auto_infer(ml_usecase='classification',
                                      target='quality')),
                ('imputer',
                 Simple_Imputer(categorical_strategy='not_available',
                                fill_value_categorical=None,
                                fill_value_numerical=None,
                                numeric_strategy='mean',
                                target_variable=None)),
                ('new_levels1',
                 New_Catagorical_Levels_in_TestData(replacement_strategy='least '
                                                                         'frequent',
                                                    tar...
                ('binn', 'passthrough'), ('rem_outliers', 'passthrough'),
                ('cluster_all', 'passthrough'),
                ('dummy', Dummify(target='quality')),
                ('fix_perfect', Remove_100(target='quality')),
                ('clean_names', Clean_Colum_Names()),
                ('feature_select', 'passthrough'), ('fix_multi', 'passthrough'),
                ('dfs', 'passthrough'), ('pca', 'passthrough'),
                ['trained_model',
                 ExtraTreesClassifier(n_jobs=-1, random_state=123)]]), probability_threshold=None, encoded_labels=False, round=4, verbose=True, ml_usecase=MLUsecase.CLASSIFICATION, display=None)
2020-12-25 20:36:28,281:INFO:Checking exceptions
2020-12-25 20:36:28,281:INFO:Preloading libraries
2020-12-25 20:36:32,608:INFO:Initializing load_model()
2020-12-25 20:36:32,609:INFO:load_model(model_name=extra_tree_model, platform=None, authentication=None, verbose=True)
2020-12-25 20:36:33,200:INFO:Initializing load_model()
2020-12-25 20:36:33,201:INFO:load_model(model_name=extra_tree_model, platform=None, authentication=None, verbose=True)
2020-12-25 20:36:34,245:INFO:Initializing load_model()
2020-12-25 20:36:34,245:INFO:load_model(model_name=extra_tree_model, platform=None, authentication=None, verbose=True)
2020-12-25 20:36:34,319:INFO:Initializing predict_model()
2020-12-25 20:36:34,319:INFO:predict_model(estimator=Pipeline(steps=[('dtypes',
                 DataTypes_Auto_infer(ml_usecase='classification',
                                      target='quality')),
                ('imputer',
                 Simple_Imputer(categorical_strategy='not_available',
                                fill_value_categorical=None,
                                fill_value_numerical=None,
                                numeric_strategy='mean',
                                target_variable=None)),
                ('new_levels1',
                 New_Catagorical_Levels_in_TestData(replacement_strategy='least '
                                                                         'frequent',
                                                    tar...
                ('binn', 'passthrough'), ('rem_outliers', 'passthrough'),
                ('cluster_all', 'passthrough'),
                ('dummy', Dummify(target='quality')),
                ('fix_perfect', Remove_100(target='quality')),
                ('clean_names', Clean_Colum_Names()),
                ('feature_select', 'passthrough'), ('fix_multi', 'passthrough'),
                ('dfs', 'passthrough'), ('pca', 'passthrough'),
                ['trained_model',
                 ExtraTreesClassifier(n_jobs=-1, random_state=123)]]), probability_threshold=None, encoded_labels=False, round=4, verbose=True, ml_usecase=MLUsecase.CLASSIFICATION, display=None)
2020-12-25 20:36:34,320:INFO:Checking exceptions
2020-12-25 20:36:34,320:INFO:Preloading libraries
